<?xml version="1.0" encoding="UTF-8"?>
<testng-results skipped="0" failed="0" total="1" passed="1">
  <reporter-output>
  </reporter-output>
  <suite name="Suite" duration-ms="5743" started-at="2019-03-21T08:52:55Z" finished-at="2019-03-21T08:53:01Z">
    <groups>
    </groups>
    <test name="Test" duration-ms="5743" started-at="2019-03-21T08:52:55Z" finished-at="2019-03-21T08:53:01Z">
      <class name="testBaidu.OpenBaidu">
        <test-method status="PASS" signature="openChrome()[pri:0, instance:testBaidu.OpenBaidu@1c2c22f3]" name="openChrome" is-config="true" duration-ms="4822" started-at="2019-03-21T16:52:55Z" finished-at="2019-03-21T16:53:00Z">
          <reporter-output>
          </reporter-output>
        </test-method> <!-- openChrome -->
        <test-method status="PASS" signature="openBaidu()[pri:0, instance:testBaidu.OpenBaidu@1c2c22f3]" name="openBaidu" duration-ms="907" started-at="2019-03-21T16:53:00Z" finished-at="2019-03-21T16:53:01Z">
          <reporter-output>
          </reporter-output>
        </test-method> <!-- openBaidu -->
      </class> <!-- testBaidu.OpenBaidu -->
    </test> <!-- Test -->
  </suite> <!-- Suite -->
</testng-results>
